<?xml version="1.0" encoding="UTF-8"?>
<!-- Generated by org.testng.reporters.JUnitReportReporter -->
<testsuite skipped="0" hostname="ndi-lap-716" name="com.apidemos.qa.specs.VerticalSwipeSpec" tests="1" failures="0" timestamp="2021-02-11T11:26:57 IST" time="31.919" errors="0">
  <testcase name="horizontalSwipe" time="31.919" classname="com.apidemos.qa.specs.VerticalSwipeSpec"/>
  <system-out/>
</testsuite> <!-- com.apidemos.qa.specs.VerticalSwipeSpec -->
