<?xml version="1.0" encoding="UTF-8"?>
<!-- Generated by org.testng.reporters.JUnitReportReporter -->
<testsuite skipped="0" hostname="ndi-lap-716" name="com.apidemos.qa.specs.DragAndDropSpec" tests="1" failures="0" timestamp="2021-02-11T11:22:18 IST" time="27.536" errors="0">
  <testcase name="dragDrop" time="27.536" classname="com.apidemos.qa.specs.DragAndDropSpec"/>
  <system-out/>
</testsuite> <!-- com.apidemos.qa.specs.DragAndDropSpec -->
