<?xml version="1.0" encoding="UTF-8"?>
<!-- Generated by org.testng.reporters.JUnitReportReporter -->
<testsuite skipped="0" hostname="ndi-lap-716" name="com.apidemos.qa.specs.LongPressSpec" tests="1" failures="0" timestamp="2021-02-08T19:21:54 IST" time="26.885" errors="0">
  <testcase name="longPressAction" time="26.885" classname="com.apidemos.qa.specs.LongPressSpec"/>
  <system-out/>
</testsuite> <!-- com.apidemos.qa.specs.LongPressSpec -->
