<?xml version="1.0" encoding="UTF-8"?>
<!-- Generated by org.testng.reporters.JUnitReportReporter -->
<testsuite skipped="0" hostname="ndi-lap-716" name="specs.BasicTestSpecs" tests="1" failures="0" timestamp="2021-01-16T14:33:59 IST" time="26.914" errors="0">
  <testcase name="clickOnPreference" time="26.914" classname="specs.BasicTestSpecs"/>
  <system-out/>
</testsuite> <!-- specs.BasicTestSpecs -->
