<?xml version="1.0" encoding="UTF-8"?>
<!-- Generated by org.testng.reporters.JUnitReportReporter -->
<testsuite skipped="0" hostname="ndi-lap-716" name="com.apidemos.qa.specs.ScrollSpecs" tests="1" failures="0" timestamp="2021-02-08T19:54:27 IST" time="24.023" errors="0">
  <testcase name="dragDrop" time="24.023" classname="com.apidemos.qa.specs.ScrollSpecs"/>
  <system-out/>
</testsuite> <!-- com.apidemos.qa.specs.ScrollSpecs -->
