<?xml version="1.0" encoding="UTF-8"?>
<!-- Generated by org.testng.reporters.JUnitReportReporter -->
<testsuite skipped="0" hostname="ndi-lap-716" name="com.apidemos.qa.specs.HorizontalSwipeSpec" tests="1" failures="0" timestamp="2021-02-11T11:26:57 IST" time="37.062" errors="0">
  <testcase name="horizontalSwipe" time="37.062" classname="com.apidemos.qa.specs.HorizontalSwipeSpec"/>
  <system-out/>
</testsuite> <!-- com.apidemos.qa.specs.HorizontalSwipeSpec -->
