<?xml version="1.0" encoding="UTF-8"?>
<!-- Generated by org.testng.reporters.JUnitReportReporter -->
<testsuite skipped="0" hostname="ndi-lap-716" name="com.apidemos.qa.specs.BasicTestSpecs" tests="1" failures="0" timestamp="2021-02-11T11:26:57 IST" time="24.395" errors="0">
  <testcase name="clickOnPreference" time="24.395" classname="com.apidemos.qa.specs.BasicTestSpecs"/>
  <system-out/>
</testsuite> <!-- com.apidemos.qa.specs.BasicTestSpecs -->
